0 info it worked if it ends with ok
1 verbose cli [ 'node', '/usr/local/bin/npm', 'publish' ]
2 info using npm@1.3.17
3 info using node@v0.10.23
4 verbose publish [ '.' ]
5 verbose cache add [ '.', null ]
6 verbose cache add name=undefined spec="." args=[".",null]
7 verbose parsed url { protocol: null,
7 verbose parsed url   slashes: null,
7 verbose parsed url   auth: null,
7 verbose parsed url   host: null,
7 verbose parsed url   port: null,
7 verbose parsed url   hostname: null,
7 verbose parsed url   hash: null,
7 verbose parsed url   search: null,
7 verbose parsed url   query: null,
7 verbose parsed url   pathname: '.',
7 verbose parsed url   path: '.',
7 verbose parsed url   href: '.' }
8 silly lockFile 3a52ce78- .
9 verbose lock . /Users/dervalp/.npm/3a52ce78-.lock
10 verbose tar pack [ '/var/folders/wz/vd08qlkn7b931gjyjczhrndr0000gn/T/npm-1173-0pOjWpVX/1399146052458-0.9724565609358251/tmp.tgz',
10 verbose tar pack   '.' ]
11 verbose tarball /var/folders/wz/vd08qlkn7b931gjyjczhrndr0000gn/T/npm-1173-0pOjWpVX/1399146052458-0.9724565609358251/tmp.tgz
12 verbose folder .
13 info prepublish moldy-ajax-adapter@1.1.1
14 silly lockFile 1f1177db-tar tar://.
15 verbose lock tar://. /Users/dervalp/.npm/1f1177db-tar.lock
16 silly lockFile 40d942a0-52458-0-9724565609358251-tmp-tgz tar:///var/folders/wz/vd08qlkn7b931gjyjczhrndr0000gn/T/npm-1173-0pOjWpVX/1399146052458-0.9724565609358251/tmp.tgz
17 verbose lock tar:///var/folders/wz/vd08qlkn7b931gjyjczhrndr0000gn/T/npm-1173-0pOjWpVX/1399146052458-0.9724565609358251/tmp.tgz /Users/dervalp/.npm/40d942a0-52458-0-9724565609358251-tmp-tgz.lock
18 silly lockFile 1f1177db-tar tar://.
19 silly lockFile 1f1177db-tar tar://.
20 silly lockFile 40d942a0-52458-0-9724565609358251-tmp-tgz tar:///var/folders/wz/vd08qlkn7b931gjyjczhrndr0000gn/T/npm-1173-0pOjWpVX/1399146052458-0.9724565609358251/tmp.tgz
21 silly lockFile 40d942a0-52458-0-9724565609358251-tmp-tgz tar:///var/folders/wz/vd08qlkn7b931gjyjczhrndr0000gn/T/npm-1173-0pOjWpVX/1399146052458-0.9724565609358251/tmp.tgz
22 verbose tar unpack /var/folders/wz/vd08qlkn7b931gjyjczhrndr0000gn/T/npm-1173-0pOjWpVX/1399146052458-0.9724565609358251/tmp.tgz
23 silly lockFile 1be33fbb-52458-0-9724565609358251-package tar:///var/folders/wz/vd08qlkn7b931gjyjczhrndr0000gn/T/npm-1173-0pOjWpVX/1399146052458-0.9724565609358251/package
24 verbose lock tar:///var/folders/wz/vd08qlkn7b931gjyjczhrndr0000gn/T/npm-1173-0pOjWpVX/1399146052458-0.9724565609358251/package /Users/dervalp/.npm/1be33fbb-52458-0-9724565609358251-package.lock
25 silly lockFile 40d942a0-52458-0-9724565609358251-tmp-tgz tar:///var/folders/wz/vd08qlkn7b931gjyjczhrndr0000gn/T/npm-1173-0pOjWpVX/1399146052458-0.9724565609358251/tmp.tgz
26 verbose lock tar:///var/folders/wz/vd08qlkn7b931gjyjczhrndr0000gn/T/npm-1173-0pOjWpVX/1399146052458-0.9724565609358251/tmp.tgz /Users/dervalp/.npm/40d942a0-52458-0-9724565609358251-tmp-tgz.lock
27 silly gunzTarPerm modes [ '755', '644' ]
28 silly gunzTarPerm extractEntry package.json
29 silly gunzTarPerm extractEntry .npmignore
30 silly gunzTarPerm extractEntry README.md
31 silly gunzTarPerm extractEntry gulpfile.js
32 silly gunzTarPerm extractEntry server.js
33 silly gunzTarPerm extractEntry .jshintrc
34 silly gunzTarPerm extractEntry src/index.js
35 silly gunzTarPerm extractEntry Makefile
36 silly gunzTarPerm extractEntry .jsbeautifyrc
37 silly lockFile 1be33fbb-52458-0-9724565609358251-package tar:///var/folders/wz/vd08qlkn7b931gjyjczhrndr0000gn/T/npm-1173-0pOjWpVX/1399146052458-0.9724565609358251/package
38 silly lockFile 1be33fbb-52458-0-9724565609358251-package tar:///var/folders/wz/vd08qlkn7b931gjyjczhrndr0000gn/T/npm-1173-0pOjWpVX/1399146052458-0.9724565609358251/package
39 silly lockFile 40d942a0-52458-0-9724565609358251-tmp-tgz tar:///var/folders/wz/vd08qlkn7b931gjyjczhrndr0000gn/T/npm-1173-0pOjWpVX/1399146052458-0.9724565609358251/tmp.tgz
40 silly lockFile 40d942a0-52458-0-9724565609358251-tmp-tgz tar:///var/folders/wz/vd08qlkn7b931gjyjczhrndr0000gn/T/npm-1173-0pOjWpVX/1399146052458-0.9724565609358251/tmp.tgz
41 verbose tar pack [ '/Users/dervalp/.npm/moldy-ajax-adapter/1.1.1/package.tgz',
41 verbose tar pack   '/var/folders/wz/vd08qlkn7b931gjyjczhrndr0000gn/T/npm-1173-0pOjWpVX/1399146052458-0.9724565609358251/package' ]
42 verbose tarball /Users/dervalp/.npm/moldy-ajax-adapter/1.1.1/package.tgz
43 verbose folder /var/folders/wz/vd08qlkn7b931gjyjczhrndr0000gn/T/npm-1173-0pOjWpVX/1399146052458-0.9724565609358251/package
44 silly lockFile 1be33fbb-52458-0-9724565609358251-package tar:///var/folders/wz/vd08qlkn7b931gjyjczhrndr0000gn/T/npm-1173-0pOjWpVX/1399146052458-0.9724565609358251/package
45 verbose lock tar:///var/folders/wz/vd08qlkn7b931gjyjczhrndr0000gn/T/npm-1173-0pOjWpVX/1399146052458-0.9724565609358251/package /Users/dervalp/.npm/1be33fbb-52458-0-9724565609358251-package.lock
46 silly lockFile 85693b40-y-ajax-adapter-1-1-1-package-tgz tar:///Users/dervalp/.npm/moldy-ajax-adapter/1.1.1/package.tgz
47 verbose lock tar:///Users/dervalp/.npm/moldy-ajax-adapter/1.1.1/package.tgz /Users/dervalp/.npm/85693b40-y-ajax-adapter-1-1-1-package-tgz.lock
48 silly lockFile 1be33fbb-52458-0-9724565609358251-package tar:///var/folders/wz/vd08qlkn7b931gjyjczhrndr0000gn/T/npm-1173-0pOjWpVX/1399146052458-0.9724565609358251/package
49 silly lockFile 1be33fbb-52458-0-9724565609358251-package tar:///var/folders/wz/vd08qlkn7b931gjyjczhrndr0000gn/T/npm-1173-0pOjWpVX/1399146052458-0.9724565609358251/package
50 silly lockFile 85693b40-y-ajax-adapter-1-1-1-package-tgz tar:///Users/dervalp/.npm/moldy-ajax-adapter/1.1.1/package.tgz
51 silly lockFile 85693b40-y-ajax-adapter-1-1-1-package-tgz tar:///Users/dervalp/.npm/moldy-ajax-adapter/1.1.1/package.tgz
52 silly lockFile 26c477d8-moldy-ajax-adapter-1-1-1-package /Users/dervalp/.npm/moldy-ajax-adapter/1.1.1/package
53 verbose lock /Users/dervalp/.npm/moldy-ajax-adapter/1.1.1/package /Users/dervalp/.npm/26c477d8-moldy-ajax-adapter-1-1-1-package.lock
54 silly lockFile 26c477d8-moldy-ajax-adapter-1-1-1-package /Users/dervalp/.npm/moldy-ajax-adapter/1.1.1/package
55 silly lockFile 26c477d8-moldy-ajax-adapter-1-1-1-package /Users/dervalp/.npm/moldy-ajax-adapter/1.1.1/package
56 verbose tar unpack /Users/dervalp/.npm/moldy-ajax-adapter/1.1.1/package.tgz
57 silly lockFile 84548249-moldy-ajax-adapter-1-1-1-package tar:///Users/dervalp/.npm/moldy-ajax-adapter/1.1.1/package
58 verbose lock tar:///Users/dervalp/.npm/moldy-ajax-adapter/1.1.1/package /Users/dervalp/.npm/84548249-moldy-ajax-adapter-1-1-1-package.lock
59 silly lockFile 85693b40-y-ajax-adapter-1-1-1-package-tgz tar:///Users/dervalp/.npm/moldy-ajax-adapter/1.1.1/package.tgz
60 verbose lock tar:///Users/dervalp/.npm/moldy-ajax-adapter/1.1.1/package.tgz /Users/dervalp/.npm/85693b40-y-ajax-adapter-1-1-1-package-tgz.lock
61 silly gunzTarPerm modes [ '755', '644' ]
62 silly gunzTarPerm extractEntry package.json
63 silly gunzTarPerm extractEntry .npmignore
64 silly gunzTarPerm extractEntry README.md
65 silly gunzTarPerm extractEntry gulpfile.js
66 silly gunzTarPerm extractEntry server.js
67 silly gunzTarPerm extractEntry .jsbeautifyrc
68 silly gunzTarPerm extractEntry .jshintrc
69 silly gunzTarPerm extractEntry Makefile
70 silly gunzTarPerm extractEntry src/index.js
71 silly lockFile 84548249-moldy-ajax-adapter-1-1-1-package tar:///Users/dervalp/.npm/moldy-ajax-adapter/1.1.1/package
72 silly lockFile 84548249-moldy-ajax-adapter-1-1-1-package tar:///Users/dervalp/.npm/moldy-ajax-adapter/1.1.1/package
73 silly lockFile 85693b40-y-ajax-adapter-1-1-1-package-tgz tar:///Users/dervalp/.npm/moldy-ajax-adapter/1.1.1/package.tgz
74 silly lockFile 85693b40-y-ajax-adapter-1-1-1-package-tgz tar:///Users/dervalp/.npm/moldy-ajax-adapter/1.1.1/package.tgz
75 verbose chmod /Users/dervalp/.npm/moldy-ajax-adapter/1.1.1/package.tgz 644
76 verbose chown /Users/dervalp/.npm/moldy-ajax-adapter/1.1.1/package.tgz [ 501, 20 ]
77 silly lockFile 3a52ce78- .
78 silly lockFile 3a52ce78- .
79 silly publish { name: 'moldy-ajax-adapter',
79 silly publish   version: '1.1.1',
79 silly publish   description: 'An ajax adapter for `Moldy`',
79 silly publish   main: 'src/index.js',
79 silly publish   scripts:
79 silly publish    { pretest: 'forever start server.js ',
79 silly publish      test: 'mocha ',
79 silly publish      posttest: 'mocha test/readme.js -R markdown > README.md | forever stop',
79 silly publish      start: 'node server.js' },
79 silly publish   repository:
79 silly publish    { type: 'git',
79 silly publish      url: 'https://github.com/moldy/moldy-ajax-adapter' },
79 silly publish   author: { name: 'David Tsuji' },
79 silly publish   license: 'MIT',
79 silly publish   bugs: { url: 'https://github.com/moldy/moldy-ajax-adapter/issues' },
79 silly publish   homepage: 'https://github.com/moldy/moldy-ajax-adapter',
79 silly publish   devDependencies:
79 silly publish    { mocha: '^1.18.2',
79 silly publish      should: '^3.1.4',
79 silly publish      express: '^3.5.0',
79 silly publish      gulp: '^3.6.1',
79 silly publish      'gulp-shell': '^0.2.4',
79 silly publish      forever: '^0.10.11',
79 silly publish      'sc-guid': '0.0.4',
79 silly publish      underscore: '^1.6.0',
79 silly publish      moldy: 'git://github.com/dervalp/moldy.git',
79 silly publish      'jshint-stylish': '^0.1.5',
79 silly publish      'gulp-jshint': '^1.5.3' },
79 silly publish   dependencies:
79 silly publish    { 'sc-is': '0.0.3',
79 silly publish      'sc-haskey': '0.0.2',
79 silly publish      superagent: '^0.17.0',
79 silly publish      'sc-cast': '0.0.4',
79 silly publish      'moldy-base-adapter': '0.0.3' },
79 silly publish   readme: '# TOC\n   - [model-ajax-adapter](#model-ajax-adapter)\n     - [create](#model-ajax-adapter-create)\n     - [findOne](#model-ajax-adapter-findone)\n     - [find](#model-ajax-adapter-find)\n     - [save](#model-ajax-adapter-save)\n     - [destroy](#model-ajax-adapter-destroy)\n<a name=""></a>\n \n<a name="model-ajax-adapter"></a>\n# model-ajax-adapter\nTell the `Moldy` to use the `ajax` adapter.\n\n```js\n// Moldy.use( require(\'moldy-ajax-adapter\') );\n```\n\n<a name="model-ajax-adapter-create"></a>\n## create\nshould `create` by a property.\n\n```js\nvar personMoldy = Moldy.extend( \'person\', {\n\tkey: \'hash\',\n\tbaseUrl: \'http://localhost:3000/api\',\n\tproperties: {\n\t\tname: \'\',\n\t\tage: \'\'\n\t}\n} ).create();\npersonMoldy.name = \'David\';\npersonMoldy.$save( function ( _error ) {\n\tpersonMoldy.name.should.eql( \'David\' );\n\t_done( _error );\n} );\n```\n\n<a name="model-ajax-adapter-findone"></a>\n## findOne\nshould `findOne` by a property.\n\n```js\nvar personMoldy = Moldy.extend( \'person\', {\n\tkey: \'guid\',\n\tbaseUrl: \'http://localhost:3000/api\',\n\tproperties: {\n\t\tname: \'\',\n\t\tage: \'\'\n\t}\n} );\npersonMoldy.$findOne( {\n\tguid: \'5f55821f-3a28-45c3-b91d-7df927a863d8\'\n}, function ( _error, _person ) {\n\t_person.name.should.eql( \'Bennett Sanchez\' );\n\t_done( _error );\n} );\n```\n\n<a name="model-ajax-adapter-find"></a>\n## find\nshould `find`.\n\n```js\nvar personMoldy = Moldy.extend( \'person\', {\n\tkey: \'guid\',\n\tbaseUrl: \'http://localhost:3000/api\',\n\tproperties: {\n\t\tname: \'\',\n\t\tage: \'\'\n\t}\n} );\npersonMoldy.$find( function ( _error, _people ) {\n\t_people.should.be.an.Array;\n\t_people.should.have.a.lengthOf( 3 );\n\t_people.forEach( function ( _person ) {\n\t\t_person.should.be.a.Moldy;\n\t\t_person.should.have.a.property( \'guid\' );\n\t\t_person.should.have.a.property( \'name\' );\n\t\t_person.should.have.a.property( \'age\' );\n\t\tObject.keys( _person.$json() ).should.have.a.lengthOf( 3 );\n\t} );\n\t_done( _error );\n} );\n```\n\n<a name="model-ajax-adapter-save"></a>\n## save\nshould `save` a model.\n\n```js\nvar personMoldy = Moldy.extend( \'person\', {\n\tkey: \'guid\',\n\tbaseUrl: \'http://localhost:3000/api\',\n\tproperties: {\n\t\tname: \'\',\n\t\tage: \'\'\n\t}\n} );\npersonMoldy.$findOne( {\n\tguid: \'5f55821f-3a28-45c3-b91d-7df927a863d8\'\n}, function ( _error, _person ) {\n\tif ( _error ) {\n\t\treturn _done( _error );\n\t}\n\t_person.name = \'Mr Bennett Sanchez\';\n\t_person.$save( _done );\n} );\n```\n\n<a name="model-ajax-adapter-destroy"></a>\n## destroy\nshould `destroy` a model.\n\n```js\nvar personMoldy = Moldy.extend( \'person\', {\n\tkey: \'guid\',\n\tbaseUrl: \'http://localhost:3000/api\',\n\tproperties: {\n\t\tname: \'\',\n\t\tage: \'\'\n\t}\n} );\npersonMoldy.$findOne( {\n\tguid: \'5f55821f-3a28-45c3-b91d-7df927a863d8\'\n}, function ( _error, _person ) {\n\tif ( _error ) {\n\t\treturn _done( _error );\n\t}\n\t_person.$destroy( _done );\n} );\n```\n\n',
79 silly publish   readmeFilename: 'README.md',
79 silly publish   _id: 'moldy-ajax-adapter@1.1.1',
79 silly publish   dist: { shasum: '35db3411dd69095f8451399a7b7c0d8a3bb6525c' },
79 silly publish   _from: '.' }
80 verbose url raw moldy-ajax-adapter
81 verbose url resolving [ 'https://registry.npmjs.org/', './moldy-ajax-adapter' ]
82 verbose url resolved https://registry.npmjs.org/moldy-ajax-adapter
83 info trying registry request attempt 1 at 20:40:52
84 http PUT https://registry.npmjs.org/moldy-ajax-adapter
85 http 201 https://registry.npmjs.org/moldy-ajax-adapter
86 verbose url raw moldy-ajax-adapter
87 verbose url resolving [ 'https://registry.npmjs.org/', './moldy-ajax-adapter' ]
88 verbose url resolved https://registry.npmjs.org/moldy-ajax-adapter
89 info trying registry request attempt 1 at 20:40:54
90 http GET https://registry.npmjs.org/moldy-ajax-adapter
91 http 200 https://registry.npmjs.org/moldy-ajax-adapter
92 verbose uploading [ 'moldy-ajax-adapter/-/moldy-ajax-adapter-1.1.1.tgz/-rev/16-7f8a1c74bc63239867b19f472957e60c',
92 verbose uploading   '/Users/dervalp/.npm/moldy-ajax-adapter/1.1.1/package.tgz' ]
93 verbose url raw moldy-ajax-adapter/-/moldy-ajax-adapter-1.1.1.tgz/-rev/16-7f8a1c74bc63239867b19f472957e60c
94 verbose url resolving [ 'https://registry.npmjs.org/',
94 verbose url resolving   './moldy-ajax-adapter/-/moldy-ajax-adapter-1.1.1.tgz/-rev/16-7f8a1c74bc63239867b19f472957e60c' ]
95 verbose url resolved https://registry.npmjs.org/moldy-ajax-adapter/-/moldy-ajax-adapter-1.1.1.tgz/-rev/16-7f8a1c74bc63239867b19f472957e60c
96 info trying registry request attempt 1 at 20:40:54
97 http PUT https://registry.npmjs.org/moldy-ajax-adapter/-/moldy-ajax-adapter-1.1.1.tgz/-rev/16-7f8a1c74bc63239867b19f472957e60c
98 http 403 https://registry.npmjs.org/moldy-ajax-adapter/-/moldy-ajax-adapter-1.1.1.tgz/-rev/16-7f8a1c74bc63239867b19f472957e60c
99 info trying registry request attempt 1 at 20:40:57
100 http PUT https://registry.npmjs.org/moldy-ajax-adapter/-/moldy-ajax-adapter-1.1.1.tgz/-rev/16-7f8a1c74bc63239867b19f472957e60c
101 http 400 https://registry.npmjs.org/moldy-ajax-adapter/-/moldy-ajax-adapter-1.1.1.tgz/-rev/16-7f8a1c74bc63239867b19f472957e60c
102 verbose bad json <!DOCTYPE HTML PUBLIC "-//IETF//DTD HTML 2.0//EN">
102 verbose bad json <html><head>
102 verbose bad json <title>400 Bad Request</title>
102 verbose bad json </head><body>
102 verbose bad json <h1>Bad Request</h1>
102 verbose bad json <p>Your browser sent a request that this server could not understand.<br />
102 verbose bad json </p>
102 verbose bad json </body></html>
103 error registry error parsing json
104 error publish Error uploading package
105 error SyntaxError: Unexpected token <
105 error <!DOCTYPE HTML PUBLIC "-//IETF//DTD HTML 2.0//EN">
105 error <html><head>
105 error <title>400 Bad Request</title>
105 error </head><body>
105 error <h1>Bad Request</h1>
105 error <p>Your browser sent a request that this server could not understand.<br />
105 error </p>
105 error </body></html>
105 error
105 error     at Object.parse (native)
105 error     at RegClient.<anonymous> (/usr/local/lib/node_modules/npm/node_modules/npm-registry-client/lib/request.js:238:23)
105 error     at Request.self.callback (/usr/local/lib/node_modules/npm/node_modules/request/request.js:123:22)
105 error     at Request.EventEmitter.emit (events.js:98:17)
105 error     at Request.<anonymous> (/usr/local/lib/node_modules/npm/node_modules/request/request.js:877:14)
105 error     at Request.EventEmitter.emit (events.js:117:20)
105 error     at IncomingMessage.<anonymous> (/usr/local/lib/node_modules/npm/node_modules/request/request.js:828:12)
105 error     at IncomingMessage.EventEmitter.emit (events.js:117:20)
105 error     at _stream_readable.js:920:16
105 error     at process._tickCallback (node.js:415:13)
106 error If you need help, you may report this *entire* log,
106 error including the npm and node versions, at:
106 error     <http://github.com/isaacs/npm/issues>
107 error System Darwin 13.1.0
108 error command "node" "/usr/local/bin/npm" "publish"
109 error cwd /Users/dervalp/Dropbox/src/moldy/moldy-ajax-adapter
110 error node -v v0.10.23
111 error npm -v 1.3.17
112 error type unexpected_token
113 verbose exit [ 1, true ]
